<?xml version="1.0" encoding="UTF-8"?>
<testsuite xmlns:xsi="http://www.w3.org/2001/XMLSchema-instance" xsi:noNamespaceSchemaLocation="https://maven.apache.org/surefire/maven-surefire-plugin/xsd/surefire-test-report-3.0.xsd" version="3.0" name="com.BitTE.OptimizationProject.ExtrasTest" time="0.04" tests="9" errors="0" skipped="0" failures="0">
  <properties>
[...]
</properties>
  <testcase name="testDataIntegrityErrorDuringGetWeight" classname="com.BitTE.OptimizationProject.ExtrasTest" time="0.007">
    <system-out><![CDATA[2025-01-16 23:08:26 [main] com.BitTE.OptimizationProject.DatabaseConnection.getConnection()
INFO: Attempting to establish a database connection to: C:/sqlite/db/mydatabase.db
2025-01-16 23:08:26 [main] com.BitTE.OptimizationProject.DatabaseConnection.getConnection()
INFO: Database connection established successfully to: C:/sqlite/db/mydatabase.db
]]></system-out>
  </testcase>
  <testcase name="testFetchVolumeFromDBWithInvalidType" classname="com.BitTE.OptimizationProject.ExtrasTest" time="0.003">
    <system-out><![CDATA[2025-01-16 23:08:26 [main] com.BitTE.OptimizationProject.DatabaseConnection.getConnection()
INFO: Attempting to establish a database connection to: C:/sqlite/db/mydatabase.db
2025-01-16 23:08:26 [main] com.BitTE.OptimizationProject.DatabaseConnection.getConnection()
INFO: Database connection established successfully to: C:/sqlite/db/mydatabase.db
]]></system-out>
  </testcase>
  <testcase name="testConstructorForNonEssentialItems" classname="com.BitTE.OptimizationProject.ExtrasTest" time="0.001"/>
  <testcase name="testFetchWeightFromDBForPassportSizeS" classname="com.BitTE.OptimizationProject.ExtrasTest" time="0.003">
    <system-out><![CDATA[2025-01-16 23:08:26 [main] com.BitTE.OptimizationProject.DatabaseConnection.getConnection()
INFO: Attempting to establish a database connection to: C:/sqlite/db/mydatabase.db
2025-01-16 23:08:26 [main] com.BitTE.OptimizationProject.DatabaseConnection.getConnection()
INFO: Database connection established successfully to: C:/sqlite/db/mydatabase.db
]]></system-out>
  </testcase>
  <testcase name="testFetchVolumeFromDBForPassportSizeS" classname="com.BitTE.OptimizationProject.ExtrasTest" time="0.004">
    <system-out><![CDATA[2025-01-16 23:08:26 [main] com.BitTE.OptimizationProject.DatabaseConnection.getConnection()
INFO: Attempting to establish a database connection to: C:/sqlite/db/mydatabase.db
2025-01-16 23:08:26 [main] com.BitTE.OptimizationProject.DatabaseConnection.getConnection()
INFO: Database connection established successfully to: C:/sqlite/db/mydatabase.db
]]></system-out>
  </testcase>
  <testcase name="testFetchWeightFromDBForComputerSizeS" classname="com.BitTE.OptimizationProject.ExtrasTest" time="0.004">
    <system-out><![CDATA[2025-01-16 23:08:26 [main] com.BitTE.OptimizationProject.DatabaseConnection.getConnection()
INFO: Attempting to establish a database connection to: C:/sqlite/db/mydatabase.db
2025-01-16 23:08:26 [main] com.BitTE.OptimizationProject.DatabaseConnection.getConnection()
INFO: Database connection established successfully to: C:/sqlite/db/mydatabase.db
]]></system-out>
  </testcase>
  <testcase name="testConstructorForEssentialItems" classname="com.BitTE.OptimizationProject.ExtrasTest" time="0.001"/>
  <testcase name="testFetchVolumeFromDBForComputerSizeS" classname="com.BitTE.OptimizationProject.ExtrasTest" time="0.003">
    <system-out><![CDATA[2025-01-16 23:08:26 [main] com.BitTE.OptimizationProject.DatabaseConnection.getConnection()
INFO: Attempting to establish a database connection to: C:/sqlite/db/mydatabase.db
2025-01-16 23:08:26 [main] com.BitTE.OptimizationProject.DatabaseConnection.getConnection()
INFO: Database connection established successfully to: C:/sqlite/db/mydatabase.db
]]></system-out>
  </testcase>
  <testcase name="testToStringReturnsCorrectFormatWhenDataIsAvailableForEssential" classname="com.BitTE.OptimizationProject.ExtrasTest" time="0.007">
    <system-out><![CDATA[2025-01-16 23:08:26 [main] com.BitTE.OptimizationProject.DatabaseConnection.getConnection()
INFO: Attempting to establish a database connection to: C:/sqlite/db/mydatabase.db
2025-01-16 23:08:26 [main] com.BitTE.OptimizationProject.DatabaseConnection.getConnection()
INFO: Database connection established successfully to: C:/sqlite/db/mydatabase.db
2025-01-16 23:08:26 [main] com.BitTE.OptimizationProject.DatabaseConnection.getConnection()
INFO: Attempting to establish a database connection to: C:/sqlite/db/mydatabase.db
2025-01-16 23:08:26 [main] com.BitTE.OptimizationProject.DatabaseConnection.getConnection()
INFO: Database connection established successfully to: C:/sqlite/db/mydatabase.db
]]></system-out>
  </testcase>
</testsuite>