<?xml version="1.0" encoding="UTF-8"?>
<testsuite xmlns:xsi="http://www.w3.org/2001/XMLSchema-instance" xsi:noNamespaceSchemaLocation="https://maven.apache.org/surefire/maven-surefire-plugin/xsd/surefire-test-report-3.0.xsd" version="3.0" name="com.BitTE.OptimizationProject.CreateSuitcaseTest" time="0.106" tests="4" errors="1" skipped="0" failures="0">
  <properties>
[...]
</properties>
  <testcase name="testSingletonInstance" classname="com.BitTE.OptimizationProject.CreateSuitcaseTest" time="0.038">
    <system-out><![CDATA[Enter the desired weight of the suitcase (in grams): 
Enter the length of the suitcase (in cm): 
Enter the width of the suitcase (in cm): 
Enter the height of the suitcase (in cm): 
]]></system-out>
  </testcase>
  <testcase name="testInvalidInputHandling" classname="com.BitTE.OptimizationProject.CreateSuitcaseTest" time="0.013">
    <error type="java.util.NoSuchElementException"><![CDATA[java.util.NoSuchElementException
	at java.base/java.util.Scanner.throwFor(Scanner.java:962)
	at java.base/java.util.Scanner.next(Scanner.java:1619)
	at java.base/java.util.Scanner.nextDouble(Scanner.java:2590)
	at com.BitTE.OptimizationProject.CreateSuitcase.setSuitcaseCharacteristics(CreateSuitcase.java:49)
	at com.BitTE.OptimizationProject.CreateSuitcase.<init>(CreateSuitcase.java:23)
	at com.BitTE.OptimizationProject.CreateSuitcase.getInstance(CreateSuitcase.java:35)
	at com.BitTE.OptimizationProject.CreateSuitcaseTest.testInvalidInputHandling(CreateSuitcaseTest.java:48)
	at java.base/java.lang.reflect.Method.invoke(Method.java:580)
	at java.base/java.util.ArrayList.forEach(ArrayList.java:1597)
	at java.base/java.util.ArrayList.forEach(ArrayList.java:1597)
]]></error>
    <system-out><![CDATA[Enter the desired weight of the suitcase (in grams): 
Enter the length of the suitcase (in cm): 
Enter the width of the suitcase (in cm): 
Enter the height of the suitcase (in cm): 
Enter the desired weight of the suitcase (in grams): 
Invalid input. The value must be positive. Try again.
Invalid input. The value must be positive. Try again.
Invalid input. The value must be positive. Try again.
Enter the length of the suitcase (in cm): 
]]></system-out>
    <system-err><![CDATA[Invalid Input. Please give me a valid double.
]]></system-err>
  </testcase>
  <testcase name="testMaxVolume" classname="com.BitTE.OptimizationProject.CreateSuitcaseTest" time="0.007">
    <system-out><![CDATA[Enter the desired weight of the suitcase (in grams): 
Enter the length of the suitcase (in cm): 
Enter the width of the suitcase (in cm): 
Enter the height of the suitcase (in cm): 
]]></system-out>
  </testcase>
  <testcase name="testMaxWeight" classname="com.BitTE.OptimizationProject.CreateSuitcaseTest" time="0.004">
    <system-out><![CDATA[Enter the desired weight of the suitcase (in grams): 
Enter the length of the suitcase (in cm): 
Enter the width of the suitcase (in cm): 
Enter the height of the suitcase (in cm): 
]]></system-out>
  </testcase>
</testsuite>